[DEBUG] 2024-11-20 11:00:58.799 [main] BaseTest.initDrivers(BaseTest.java:17) - BEFORE SUITE
[INFO ] 2024-11-20 11:00:58.805 [main] utils.BaseUtils.startEmulator(BaseUtils.java:49) - Start emulator
[INFO ] 2024-11-20 11:00:58.862 [main] utils.BaseUtils.startProcess(BaseUtils.java:25) - Running a command: /Users/mariya/Library/Android/sdk/emulator/emulator -avd EmulatorForAlpha -gpu on
[INFO ] 2024-11-20 11:00:58.871 [main] utils.BaseUtils.startEmulator(BaseUtils.java:56) - The emulator is running.
[INFO ] 2024-11-20 11:00:58.872 [main] utils.BaseUtils.waitForEmulatorToBoot(BaseUtils.java:65) - Checking the emulator loading...
[INFO ] 2024-11-20 11:00:58.872 [main] utils.BaseUtils.startProcess(BaseUtils.java:25) - Running a command: /Users/mariya/Library/Android/sdk/platform-tools/adb shell getprop sys.boot_completed
[INFO ] 2024-11-20 11:00:59.124 [main] utils.BaseUtils.waitForEmulatorToBoot(BaseUtils.java:87) - The emulator completed loading successfully.
[DEBUG] 2024-11-20 11:00:59.206 [main] utils.BaseUtils.setAppiumPort(BaseUtils.java:115) - Try to execute command:: check if port 4723 is in use
[DEBUG] 2024-11-20 11:00:59.232 [main] utils.BaseUtils.setAppiumPort(BaseUtils.java:120) - Port 4723 was set
[DEBUG] 2024-11-20 11:00:59.235 [main] utils.BaseUtils.setAppiumPort(BaseUtils.java:123) - Appium started on port 4723
[INFO ] 2024-11-20 11:00:59.236 [main] driver.EmulatorDriver.getUrl(EmulatorDriver.java:46) - Url is: http://127.0.0.1:4723
[DEBUG] 2024-11-20 11:04:40.473 [main] BaseTest.initDrivers(BaseTest.java:17) - BEFORE SUITE
[INFO ] 2024-11-20 11:04:40.479 [main] utils.BaseUtils.startEmulator(BaseUtils.java:49) - Start emulator
[INFO ] 2024-11-20 11:04:40.543 [main] utils.BaseUtils.startProcess(BaseUtils.java:25) - Running a command: /Users/mariya/Library/Android/sdk/emulator/emulator -avd EmulatorForAlpha -gpu on
[INFO ] 2024-11-20 11:04:40.554 [main] utils.BaseUtils.startEmulator(BaseUtils.java:56) - The emulator is running.
[INFO ] 2024-11-20 11:04:40.554 [main] utils.BaseUtils.waitForEmulatorToBoot(BaseUtils.java:65) - Checking the emulator loading...
[INFO ] 2024-11-20 11:04:40.555 [main] utils.BaseUtils.startProcess(BaseUtils.java:25) - Running a command: /Users/mariya/Library/Android/sdk/platform-tools/adb shell getprop sys.boot_completed
[ERROR] 2024-11-20 11:04:40.806 [Thread-1] utils.BaseUtils.lambda$startProcess$0(BaseUtils.java:35) - Process error: adb: no devices/emulators found
[INFO ] 2024-11-20 11:04:40.807 [main] utils.BaseUtils.waitForEmulatorToBoot(BaseUtils.java:83) - The emulator is loading, check again in 2 seconds...
[ERROR] 2024-11-20 11:04:41.558 [Thread-0] utils.BaseUtils.lambda$startProcess$0(BaseUtils.java:35) - Process error: initialize: Supports id properties, got a vulkan device UUID
[INFO ] 2024-11-20 11:04:42.813 [main] utils.BaseUtils.startProcess(BaseUtils.java:25) - Running a command: /Users/mariya/Library/Android/sdk/platform-tools/adb shell getprop sys.boot_completed
[ERROR] 2024-11-20 11:04:42.824 [Thread-2] utils.BaseUtils.lambda$startProcess$0(BaseUtils.java:35) - Process error: adb: device offline
[INFO ] 2024-11-20 11:04:42.824 [main] utils.BaseUtils.waitForEmulatorToBoot(BaseUtils.java:83) - The emulator is loading, check again in 2 seconds...
[INFO ] 2024-11-20 11:04:44.827 [main] utils.BaseUtils.startProcess(BaseUtils.java:25) - Running a command: /Users/mariya/Library/Android/sdk/platform-tools/adb shell getprop sys.boot_completed
[ERROR] 2024-11-20 11:04:44.839 [Thread-3] utils.BaseUtils.lambda$startProcess$0(BaseUtils.java:35) - Process error: adb: device offline
[INFO ] 2024-11-20 11:04:44.839 [main] utils.BaseUtils.waitForEmulatorToBoot(BaseUtils.java:83) - The emulator is loading, check again in 2 seconds...
[INFO ] 2024-11-20 11:04:46.842 [main] utils.BaseUtils.startProcess(BaseUtils.java:25) - Running a command: /Users/mariya/Library/Android/sdk/platform-tools/adb shell getprop sys.boot_completed
[ERROR] 2024-11-20 11:04:46.858 [Thread-4] utils.BaseUtils.lambda$startProcess$0(BaseUtils.java:35) - Process error: adb: device offline
[INFO ] 2024-11-20 11:04:46.858 [main] utils.BaseUtils.waitForEmulatorToBoot(BaseUtils.java:83) - The emulator is loading, check again in 2 seconds...
[INFO ] 2024-11-20 11:04:48.860 [main] utils.BaseUtils.startProcess(BaseUtils.java:25) - Running a command: /Users/mariya/Library/Android/sdk/platform-tools/adb shell getprop sys.boot_completed
[INFO ] 2024-11-20 11:04:48.888 [main] utils.BaseUtils.waitForEmulatorToBoot(BaseUtils.java:83) - The emulator is loading, check again in 2 seconds...
[INFO ] 2024-11-20 11:04:50.893 [main] utils.BaseUtils.startProcess(BaseUtils.java:25) - Running a command: /Users/mariya/Library/Android/sdk/platform-tools/adb shell getprop sys.boot_completed
[INFO ] 2024-11-20 11:04:50.925 [main] utils.BaseUtils.waitForEmulatorToBoot(BaseUtils.java:83) - The emulator is loading, check again in 2 seconds...
[INFO ] 2024-11-20 11:04:52.933 [main] utils.BaseUtils.startProcess(BaseUtils.java:25) - Running a command: /Users/mariya/Library/Android/sdk/platform-tools/adb shell getprop sys.boot_completed
[INFO ] 2024-11-20 11:04:52.963 [main] utils.BaseUtils.waitForEmulatorToBoot(BaseUtils.java:87) - The emulator completed loading successfully.
[DEBUG] 2024-11-20 11:04:53.082 [main] utils.BaseUtils.setAppiumPort(BaseUtils.java:115) - Try to execute command:: check if port 4723 is in use
[DEBUG] 2024-11-20 11:04:53.121 [main] utils.BaseUtils.setAppiumPort(BaseUtils.java:120) - Port 4723 was set
[DEBUG] 2024-11-20 11:04:53.126 [main] utils.BaseUtils.setAppiumPort(BaseUtils.java:123) - Appium started on port 4723
[INFO ] 2024-11-20 11:04:53.127 [main] driver.EmulatorDriver.getUrl(EmulatorDriver.java:46) - Url is: http://127.0.0.1:4723
[DEBUG] 2024-11-20 11:05:17.799 [main] BaseTest.initDrivers(BaseTest.java:17) - BEFORE SUITE
[INFO ] 2024-11-20 11:05:17.805 [main] utils.BaseUtils.startEmulator(BaseUtils.java:49) - Start emulator
[INFO ] 2024-11-20 11:05:17.858 [main] utils.BaseUtils.startProcess(BaseUtils.java:25) - Running a command: /Users/mariya/Library/Android/sdk/emulator/emulator -avd EmulatorForAlpha -gpu on
[INFO ] 2024-11-20 11:05:17.868 [main] utils.BaseUtils.startEmulator(BaseUtils.java:56) - The emulator is running.
[INFO ] 2024-11-20 11:05:17.868 [main] utils.BaseUtils.waitForEmulatorToBoot(BaseUtils.java:65) - Checking the emulator loading...
[INFO ] 2024-11-20 11:05:17.869 [main] utils.BaseUtils.startProcess(BaseUtils.java:25) - Running a command: /Users/mariya/Library/Android/sdk/platform-tools/adb shell getprop sys.boot_completed
[INFO ] 2024-11-20 11:05:17.915 [main] utils.BaseUtils.waitForEmulatorToBoot(BaseUtils.java:87) - The emulator completed loading successfully.
[DEBUG] 2024-11-20 11:05:17.975 [main] utils.BaseUtils.setAppiumPort(BaseUtils.java:115) - Try to execute command:: check if port 4723 is in use
[DEBUG] 2024-11-20 11:05:17.997 [main] utils.BaseUtils.setAppiumPort(BaseUtils.java:130) - Port 4723 already is busy
[DEBUG] 2024-11-20 11:05:17.997 [main] utils.BaseUtils.setAppiumPort(BaseUtils.java:115) - Try to execute command:: check if port 4724 is in use
[DEBUG] 2024-11-20 11:05:18.015 [main] utils.BaseUtils.setAppiumPort(BaseUtils.java:120) - Port 4724 was set
[DEBUG] 2024-11-20 11:05:18.018 [main] utils.BaseUtils.setAppiumPort(BaseUtils.java:123) - Appium started on port 4724
[INFO ] 2024-11-20 11:05:18.019 [main] driver.EmulatorDriver.getUrl(EmulatorDriver.java:46) - Url is: http://127.0.0.1:4724
[DEBUG] 2024-11-20 11:09:11.738 [main] BaseTest.initDrivers(BaseTest.java:17) - BEFORE SUITE
[DEBUG] 2024-11-20 11:09:11.784 [main] utils.BaseUtils.setAppiumPort(BaseUtils.java:115) - Try to execute command:: check if port 4723 is in use
[DEBUG] 2024-11-20 11:09:11.813 [main] utils.BaseUtils.setAppiumPort(BaseUtils.java:120) - Port 4723 was set
[DEBUG] 2024-11-20 11:09:11.817 [main] utils.BaseUtils.setAppiumPort(BaseUtils.java:123) - Appium started on port 4723
[INFO ] 2024-11-20 11:09:11.818 [main] utils.BaseUtils.startEmulator(BaseUtils.java:49) - Start emulator
[INFO ] 2024-11-20 11:09:11.818 [main] utils.BaseUtils.startProcess(BaseUtils.java:25) - Running a command: /Users/mariya/Library/Android/sdk/emulator/emulator -avd EmulatorForAlpha -gpu on
[INFO ] 2024-11-20 11:09:11.821 [main] utils.BaseUtils.startEmulator(BaseUtils.java:56) - The emulator is running.
[INFO ] 2024-11-20 11:09:11.821 [main] utils.BaseUtils.waitForEmulatorToBoot(BaseUtils.java:65) - Checking the emulator loading...
[INFO ] 2024-11-20 11:09:11.822 [main] utils.BaseUtils.startProcess(BaseUtils.java:25) - Running a command: /Users/mariya/Library/Android/sdk/platform-tools/adb shell getprop sys.boot_completed
[INFO ] 2024-11-20 11:09:11.866 [main] utils.BaseUtils.waitForEmulatorToBoot(BaseUtils.java:87) - The emulator completed loading successfully.
[INFO ] 2024-11-20 11:09:11.912 [main] driver.EmulatorDriver.getUrl(EmulatorDriver.java:47) - Url is: http://127.0.0.1:4723
[DEBUG] 2024-11-20 11:09:35.901 [main] BaseTest.initDrivers(BaseTest.java:17) - BEFORE SUITE
[DEBUG] 2024-11-20 11:09:35.972 [main] utils.BaseUtils.setAppiumPort(BaseUtils.java:115) - Try to execute command:: check if port 4723 is in use
[DEBUG] 2024-11-20 11:09:36.001 [main] utils.BaseUtils.setAppiumPort(BaseUtils.java:120) - Port 4723 was set
[DEBUG] 2024-11-20 11:09:36.004 [main] utils.BaseUtils.setAppiumPort(BaseUtils.java:123) - Appium started on port 4723
[INFO ] 2024-11-20 11:09:36.005 [main] utils.BaseUtils.startEmulator(BaseUtils.java:49) - Start emulator
[INFO ] 2024-11-20 11:09:36.006 [main] utils.BaseUtils.startProcess(BaseUtils.java:25) - Running a command: /Users/mariya/Library/Android/sdk/emulator/emulator -avd EmulatorForAlpha -gpu on
[INFO ] 2024-11-20 11:09:36.011 [main] utils.BaseUtils.startEmulator(BaseUtils.java:56) - The emulator is running.
[INFO ] 2024-11-20 11:09:36.011 [main] utils.BaseUtils.waitForEmulatorToBoot(BaseUtils.java:65) - Checking the emulator loading...
[INFO ] 2024-11-20 11:09:36.012 [main] utils.BaseUtils.startProcess(BaseUtils.java:25) - Running a command: /Users/mariya/Library/Android/sdk/platform-tools/adb shell getprop sys.boot_completed
[ERROR] 2024-11-20 11:09:36.024 [Thread-1] utils.BaseUtils.lambda$startProcess$0(BaseUtils.java:35) - Process error: adb: no devices/emulators found
[INFO ] 2024-11-20 11:09:36.024 [main] utils.BaseUtils.waitForEmulatorToBoot(BaseUtils.java:83) - The emulator is loading, check again in 2 seconds...
[ERROR] 2024-11-20 11:09:36.886 [Thread-0] utils.BaseUtils.lambda$startProcess$0(BaseUtils.java:35) - Process error: initialize: Supports id properties, got a vulkan device UUID
[INFO ] 2024-11-20 11:09:38.025 [main] utils.BaseUtils.startProcess(BaseUtils.java:25) - Running a command: /Users/mariya/Library/Android/sdk/platform-tools/adb shell getprop sys.boot_completed
[ERROR] 2024-11-20 11:09:38.037 [Thread-2] utils.BaseUtils.lambda$startProcess$0(BaseUtils.java:35) - Process error: adb: device offline
[INFO ] 2024-11-20 11:09:38.037 [main] utils.BaseUtils.waitForEmulatorToBoot(BaseUtils.java:83) - The emulator is loading, check again in 2 seconds...
[INFO ] 2024-11-20 11:09:40.053 [main] utils.BaseUtils.startProcess(BaseUtils.java:25) - Running a command: /Users/mariya/Library/Android/sdk/platform-tools/adb shell getprop sys.boot_completed
[ERROR] 2024-11-20 11:09:40.113 [Thread-3] utils.BaseUtils.lambda$startProcess$0(BaseUtils.java:35) - Process error: adb: device offline
[INFO ] 2024-11-20 11:09:40.116 [main] utils.BaseUtils.waitForEmulatorToBoot(BaseUtils.java:83) - The emulator is loading, check again in 2 seconds...
[INFO ] 2024-11-20 11:09:42.144 [main] utils.BaseUtils.startProcess(BaseUtils.java:25) - Running a command: /Users/mariya/Library/Android/sdk/platform-tools/adb shell getprop sys.boot_completed
[INFO ] 2024-11-20 11:09:42.190 [main] utils.BaseUtils.waitForEmulatorToBoot(BaseUtils.java:87) - The emulator completed loading successfully.
[INFO ] 2024-11-20 11:09:42.260 [main] driver.EmulatorDriver.getUrl(EmulatorDriver.java:47) - Url is: http://127.0.0.1:4723
[INFO ] 2024-11-20 11:09:47.557 [main] driver.EmulatorDriver.<init>(EmulatorDriver.java:22) - Driver initialized successfully.
[INFO ] 2024-11-20 11:09:47.804 [main] driver.EmulatorDriver.launchApp(EmulatorDriver.java:69) - after activate RUNNING_IN_FOREGROUND
[INFO ] 2024-11-20 11:09:47.896 [main] driver.EmulatorDriver.launchApp(EmulatorDriver.java:79) - The application is running.
[DEBUG] 2024-11-20 11:09:48.087 [main] baseObjects.AndroidBasePage.verifyVisibleElementContainsText(AndroidBasePage.java:35) -  Verify then visible element:: TITLE  contains exact text:: Вход в Alfa-Test  Element locator is::  {By.id: com.alfabank.qapp:id/tvTitle}
[DEBUG] 2024-11-20 11:09:48.735 [main] BaseTest.close(BaseTest.java:28) - AFTER SUITE
[INFO ] 2024-11-20 11:09:49.076 [main] driver.EmulatorDriver.removeApp(EmulatorDriver.java:102) - The application was successfully removed
[INFO ] 2024-11-20 11:09:49.399 [main] utils.BaseUtils.executeCommand(BaseUtils.java:167) - Start execute command: adb emu kill
[INFO ] 2024-11-20 11:09:49.427 [main] utils.BaseUtils.stopEmulator(BaseUtils.java:93) - The emulator is closed.
[INFO ] 2024-11-20 11:09:49.428 [main] utils.BaseUtils.executeCommand(BaseUtils.java:167) - Start execute command: pkill -9 -f appium
[DEBUG] 2024-11-20 11:12:19.585 [main] BaseTest.initDrivers(BaseTest.java:17) - BEFORE SUITE
[DEBUG] 2024-11-20 11:12:19.645 [main] utils.BaseUtils.setAppiumPort(BaseUtils.java:115) - Try to execute command:: check if port 4723 is in use
[DEBUG] 2024-11-20 11:12:19.684 [main] utils.BaseUtils.setAppiumPort(BaseUtils.java:120) - Port 4723 was set
[DEBUG] 2024-11-20 11:12:19.687 [main] utils.BaseUtils.setAppiumPort(BaseUtils.java:123) - Appium started on port 4723
[INFO ] 2024-11-20 11:12:19.687 [main] utils.BaseUtils.startEmulator(BaseUtils.java:49) - Start emulator
[INFO ] 2024-11-20 11:12:19.688 [main] utils.BaseUtils.startProcess(BaseUtils.java:25) - Running a command: /Users/mariya/Library/Android/sdk/emulator/emulator -avd EmulatorForAlpha -gpu on
[INFO ] 2024-11-20 11:12:19.690 [main] utils.BaseUtils.startEmulator(BaseUtils.java:56) - The emulator is running.
[INFO ] 2024-11-20 11:12:19.690 [main] utils.BaseUtils.waitForEmulatorToBoot(BaseUtils.java:65) - Checking the emulator loading...
[INFO ] 2024-11-20 11:12:19.691 [main] utils.BaseUtils.startProcess(BaseUtils.java:25) - Running a command: /Users/mariya/Library/Android/sdk/platform-tools/adb shell getprop sys.boot_completed
[ERROR] 2024-11-20 11:12:19.706 [Thread-1] utils.BaseUtils.lambda$startProcess$0(BaseUtils.java:35) - Process error: adb: no devices/emulators found
[INFO ] 2024-11-20 11:12:19.707 [main] utils.BaseUtils.waitForEmulatorToBoot(BaseUtils.java:83) - The emulator is loading, check again in 2 seconds...
[ERROR] 2024-11-20 11:12:20.686 [Thread-0] utils.BaseUtils.lambda$startProcess$0(BaseUtils.java:35) - Process error: initialize: Supports id properties, got a vulkan device UUID
[INFO ] 2024-11-20 11:12:21.712 [main] utils.BaseUtils.startProcess(BaseUtils.java:25) - Running a command: /Users/mariya/Library/Android/sdk/platform-tools/adb shell getprop sys.boot_completed
[ERROR] 2024-11-20 11:12:21.727 [Thread-2] utils.BaseUtils.lambda$startProcess$0(BaseUtils.java:35) - Process error: adb: device offline
[INFO ] 2024-11-20 11:12:21.727 [main] utils.BaseUtils.waitForEmulatorToBoot(BaseUtils.java:83) - The emulator is loading, check again in 2 seconds...
[INFO ] 2024-11-20 11:12:23.743 [main] utils.BaseUtils.startProcess(BaseUtils.java:25) - Running a command: /Users/mariya/Library/Android/sdk/platform-tools/adb shell getprop sys.boot_completed
[ERROR] 2024-11-20 11:12:23.756 [Thread-3] utils.BaseUtils.lambda$startProcess$0(BaseUtils.java:35) - Process error: adb: device offline
[INFO ] 2024-11-20 11:12:23.756 [main] utils.BaseUtils.waitForEmulatorToBoot(BaseUtils.java:83) - The emulator is loading, check again in 2 seconds...
[INFO ] 2024-11-20 11:12:25.797 [main] utils.BaseUtils.startProcess(BaseUtils.java:25) - Running a command: /Users/mariya/Library/Android/sdk/platform-tools/adb shell getprop sys.boot_completed
[INFO ] 2024-11-20 11:12:25.835 [main] utils.BaseUtils.waitForEmulatorToBoot(BaseUtils.java:87) - The emulator completed loading successfully.
[INFO ] 2024-11-20 11:12:25.906 [main] driver.EmulatorDriver.getUrl(EmulatorDriver.java:45) - Url is: http://127.0.0.1:4723
[INFO ] 2024-11-20 11:12:36.054 [main] driver.EmulatorDriver.<init>(EmulatorDriver.java:22) - Driver initialized successfully.
[INFO ] 2024-11-20 11:12:36.382 [main] driver.EmulatorDriver.launchApp(EmulatorDriver.java:67) - after activate RUNNING_IN_FOREGROUND
[INFO ] 2024-11-20 11:12:36.496 [main] driver.EmulatorDriver.launchApp(EmulatorDriver.java:77) - The application is running.
[DEBUG] 2024-11-20 11:12:36.885 [main] baseObjects.AndroidBasePage.verifyVisibleElementContainsText(AndroidBasePage.java:35) -  Verify then visible element:: TITLE  contains exact text:: Вход в Alfa-Test  Element locator is::  {By.id: com.alfabank.qapp:id/tvTitle}
[DEBUG] 2024-11-20 11:12:37.049 [main] BaseTest.close(BaseTest.java:28) - AFTER SUITE
[INFO ] 2024-11-20 11:12:37.367 [main] driver.EmulatorDriver.removeApp(EmulatorDriver.java:100) - The application was successfully removed
[INFO ] 2024-11-20 11:12:37.710 [main] utils.BaseUtils.executeCommand(BaseUtils.java:167) - Start execute command: adb emu kill
[INFO ] 2024-11-20 11:12:37.744 [main] utils.BaseUtils.stopEmulator(BaseUtils.java:93) - The emulator is closed.
[INFO ] 2024-11-20 11:12:37.744 [main] utils.BaseUtils.executeCommand(BaseUtils.java:167) - Start execute command: pkill -9 -f appium
